TN:
SF:src\Circle\circle.service.ts
FN:8,(anonymous_0)
FN:31,(anonymous_1)
FN:57,(anonymous_2)
FN:70,(anonymous_3)
FN:84,(anonymous_4)
FN:91,(anonymous_5)
FN:94,(anonymous_6)
FN:102,(anonymous_7)
FN:112,(anonymous_8)
FN:120,(anonymous_9)
FN:127,(anonymous_10)
FN:142,(anonymous_11)
FN:158,(anonymous_12)
FNF:13
FNH:13
FNDA:1,(anonymous_0)
FNDA:1,(anonymous_1)
FNDA:2,(anonymous_2)
FNDA:12,(anonymous_3)
FNDA:4,(anonymous_4)
FNDA:2,(anonymous_5)
FNDA:2,(anonymous_6)
FNDA:2,(anonymous_7)
FNDA:1,(anonymous_8)
FNDA:1,(anonymous_9)
FNDA:1,(anonymous_10)
FNDA:2,(anonymous_11)
FNDA:2,(anonymous_12)
DA:1,1
DA:2,1
DA:5,1
DA:6,16
DA:9,1
DA:35,1
DA:58,2
DA:63,2
DA:64,1
DA:67,1
DA:74,12
DA:75,12
DA:77,11
DA:78,1
DA:81,10
DA:89,4
DA:91,2
DA:99,2
DA:101,2
DA:102,2
DA:105,2
DA:107,1
DA:108,1
DA:109,1
DA:117,1
DA:119,1
DA:120,1
DA:123,1
DA:124,1
DA:132,1
DA:134,1
DA:138,1
DA:139,1
DA:147,2
DA:149,2
DA:150,1
DA:153,1
DA:154,1
DA:155,1
DA:159,2
DA:161,2
DA:162,1
DA:165,1
LF:43
LH:43
BRDA:63,0,0,1
BRDA:63,0,1,1
BRDA:75,1,0,1
BRDA:75,1,1,11
BRDA:77,2,0,1
BRDA:77,2,1,10
BRDA:77,3,0,11
BRDA:77,3,1,11
BRDA:105,4,0,1
BRDA:105,4,1,1
BRDA:149,5,0,1
BRDA:149,5,1,1
BRDA:161,6,0,1
BRDA:161,6,1,1
BRF:14
BRH:14
end_of_record
TN:
SF:src\Handshake\handshake.service.ts
FN:10,(anonymous_0)
FN:12,(anonymous_1)
FN:19,(anonymous_2)
FN:33,(anonymous_3)
FNF:4
FNH:4
FNDA:6,(anonymous_0)
FNDA:1,(anonymous_1)
FNDA:2,(anonymous_2)
FNDA:3,(anonymous_3)
DA:1,1
DA:2,1
DA:6,1
DA:8,6
DA:10,6
DA:13,1
DA:20,2
DA:21,2
DA:23,1
DA:24,1
DA:25,1
DA:27,1
DA:28,1
DA:30,1
DA:34,3
DA:36,3
DA:37,2
DA:39,1
LF:18
LH:18
BRDA:21,0,0,1
BRDA:21,0,1,1
BRDA:36,1,0,1
BRDA:36,1,1,2
BRDA:37,2,0,1
BRDA:37,2,1,1
BRF:6
BRH:6
end_of_record
